  File "/Users/simone/Source/GitHub/simonerom/sensecap-d1-display/server/display_server.py", line 487
    import calendar as _cal
    ^^^^^^
SyntaxError: invalid syntax
  File "/Users/simone/Source/GitHub/simonerom/sensecap-d1-display/server/display_server.py", line 487
    import calendar as _cal
    ^^^^^^
SyntaxError: invalid syntax
  File "/Users/simone/Source/GitHub/simonerom/sensecap-d1-display/server/display_server.py", line 487
    import calendar as _cal
    ^^^^^^
SyntaxError: invalid syntax
  File "/Users/simone/Source/GitHub/simonerom/sensecap-d1-display/server/display_server.py", line 487
    import calendar as _cal
    ^^^^^^
SyntaxError: invalid syntax
  File "/Users/simone/Source/GitHub/simonerom/sensecap-d1-display/server/display_server.py", line 487
    import calendar as _cal
    ^^^^^^
SyntaxError: invalid syntax
  File "/Users/simone/Source/GitHub/simonerom/sensecap-d1-display/server/display_server.py", line 487
    import calendar as _cal
    ^^^^^^
SyntaxError: invalid syntax
  File "/Users/simone/Source/GitHub/simonerom/sensecap-d1-display/server/display_server.py", line 487
    import calendar as _cal
    ^^^^^^
SyntaxError: invalid syntax
  File "/Users/simone/Source/GitHub/simonerom/sensecap-d1-display/server/display_server.py", line 487
    import calendar as _cal
    ^^^^^^
SyntaxError: invalid syntax
  File "/Users/simone/Source/GitHub/simonerom/sensecap-d1-display/server/display_server.py", line 487
    import calendar as _cal
    ^^^^^^
SyntaxError: invalid syntax
  File "/Users/simone/Source/GitHub/simonerom/sensecap-d1-display/server/display_server.py", line 487
    import calendar as _cal
    ^^^^^^
SyntaxError: invalid syntax
  File "/Users/simone/Source/GitHub/simonerom/sensecap-d1-display/server/display_server.py", line 487
    import calendar as _cal
    ^^^^^^
SyntaxError: invalid syntax
  File "/Users/simone/Source/GitHub/simonerom/sensecap-d1-display/server/display_server.py", line 487
    import calendar as _cal
    ^^^^^^
SyntaxError: invalid syntax
  File "/Users/simone/Source/GitHub/simonerom/sensecap-d1-display/server/display_server.py", line 487
    import calendar as _cal
    ^^^^^^
SyntaxError: invalid syntax
  File "/Users/simone/Source/GitHub/simonerom/sensecap-d1-display/server/display_server.py", line 487
    import calendar as _cal
    ^^^^^^
SyntaxError: invalid syntax
  File "/Users/simone/Source/GitHub/simonerom/sensecap-d1-display/server/display_server.py", line 487
    import calendar as _cal
    ^^^^^^
SyntaxError: invalid syntax
  File "/Users/simone/Source/GitHub/simonerom/sensecap-d1-display/server/display_server.py", line 487
    import calendar as _cal
    ^^^^^^
SyntaxError: invalid syntax
  File "/Users/simone/Source/GitHub/simonerom/sensecap-d1-display/server/display_server.py", line 487
    import calendar as _cal
    ^^^^^^
SyntaxError: invalid syntax
  File "/Users/simone/Source/GitHub/simonerom/sensecap-d1-display/server/display_server.py", line 487
    import calendar as _cal
    ^^^^^^
SyntaxError: invalid syntax
  File "/Users/simone/Source/GitHub/simonerom/sensecap-d1-display/server/display_server.py", line 487
    import calendar as _cal
    ^^^^^^
SyntaxError: invalid syntax
  File "/Users/simone/Source/GitHub/simonerom/sensecap-d1-display/server/display_server.py", line 487
    import calendar as _cal
    ^^^^^^
SyntaxError: invalid syntax
  File "/Users/simone/Source/GitHub/simonerom/sensecap-d1-display/server/display_server.py", line 487
    import calendar as _cal
    ^^^^^^
SyntaxError: invalid syntax
  File "/Users/simone/Source/GitHub/simonerom/sensecap-d1-display/server/display_server.py", line 487
    import calendar as _cal
    ^^^^^^
SyntaxError: invalid syntax
  File "/Users/simone/Source/GitHub/simonerom/sensecap-d1-display/server/display_server.py", line 487
    import calendar as _cal
    ^^^^^^
SyntaxError: invalid syntax
  File "/Users/simone/Source/GitHub/simonerom/sensecap-d1-display/server/display_server.py", line 487
    import calendar as _cal
    ^^^^^^
SyntaxError: invalid syntax
  File "/Users/simone/Source/GitHub/simonerom/sensecap-d1-display/server/display_server.py", line 487
    import calendar as _cal
    ^^^^^^
SyntaxError: invalid syntax
  File "/Users/simone/Source/GitHub/simonerom/sensecap-d1-display/server/display_server.py", line 487
    import calendar as _cal
    ^^^^^^
SyntaxError: invalid syntax
  File "/Users/simone/Source/GitHub/simonerom/sensecap-d1-display/server/display_server.py", line 487
    import calendar as _cal
    ^^^^^^
SyntaxError: invalid syntax
  File "/Users/simone/Source/GitHub/simonerom/sensecap-d1-display/server/display_server.py", line 487
    import calendar as _cal
    ^^^^^^
SyntaxError: invalid syntax
  File "/Users/simone/Source/GitHub/simonerom/sensecap-d1-display/server/display_server.py", line 487
    import calendar as _cal
    ^^^^^^
SyntaxError: invalid syntax
  File "/Users/simone/Source/GitHub/simonerom/sensecap-d1-display/server/display_server.py", line 487
    import calendar as _cal
    ^^^^^^
SyntaxError: invalid syntax
  File "/Users/simone/Source/GitHub/simonerom/sensecap-d1-display/server/display_server.py", line 487
    import calendar as _cal
    ^^^^^^
SyntaxError: invalid syntax
  File "/Users/simone/Source/GitHub/simonerom/sensecap-d1-display/server/display_server.py", line 487
    import calendar as _cal
    ^^^^^^
SyntaxError: invalid syntax
  File "/Users/simone/Source/GitHub/simonerom/sensecap-d1-display/server/display_server.py", line 487
    import calendar as _cal
    ^^^^^^
SyntaxError: invalid syntax
  File "/Users/simone/Source/GitHub/simonerom/sensecap-d1-display/server/display_server.py", line 487
    import calendar as _cal
    ^^^^^^
SyntaxError: invalid syntax
  File "/Users/simone/Source/GitHub/simonerom/sensecap-d1-display/server/display_server.py", line 487
    import calendar as _cal
    ^^^^^^
SyntaxError: invalid syntax
  File "/Users/simone/Source/GitHub/simonerom/sensecap-d1-display/server/display_server.py", line 487
    import calendar as _cal
    ^^^^^^
SyntaxError: invalid syntax
  File "/Users/simone/Source/GitHub/simonerom/sensecap-d1-display/server/display_server.py", line 487
    import calendar as _cal
    ^^^^^^
SyntaxError: invalid syntax
  File "/Users/simone/Source/GitHub/simonerom/sensecap-d1-display/server/display_server.py", line 506
    ev_days = set()
    ^^^^^^^^^^^^^^^
SyntaxError: invalid syntax. Maybe you meant '==' or ':=' instead of '='?
  File "/Users/simone/Source/GitHub/simonerom/sensecap-d1-display/server/display_server.py", line 506
    ev_days = set()
    ^^^^^^^^^^^^^^^
SyntaxError: invalid syntax. Maybe you meant '==' or ':=' instead of '='?
  File "/Users/simone/Source/GitHub/simonerom/sensecap-d1-display/server/display_server.py", line 506
    ev_days = set()
    ^^^^^^^^^^^^^^^
SyntaxError: invalid syntax. Maybe you meant '==' or ':=' instead of '='?
  File "/Users/simone/Source/GitHub/simonerom/sensecap-d1-display/server/display_server.py", line 506
    ev_days = set()
    ^^^^^^^^^^^^^^^
SyntaxError: invalid syntax. Maybe you meant '==' or ':=' instead of '='?
  File "/Users/simone/Source/GitHub/simonerom/sensecap-d1-display/server/display_server.py", line 506
    ev_days = set()
    ^^^^^^^^^^^^^^^
SyntaxError: invalid syntax. Maybe you meant '==' or ':=' instead of '='?
  File "/Users/simone/Source/GitHub/simonerom/sensecap-d1-display/server/display_server.py", line 506
    ev_days = set()
    ^^^^^^^^^^^^^^^
SyntaxError: invalid syntax. Maybe you meant '==' or ':=' instead of '='?
  File "/Users/simone/Source/GitHub/simonerom/sensecap-d1-display/server/display_server.py", line 506
    ev_days = set()
    ^^^^^^^^^^^^^^^
SyntaxError: invalid syntax. Maybe you meant '==' or ':=' instead of '='?
  File "/Users/simone/Source/GitHub/simonerom/sensecap-d1-display/server/display_server.py", line 506
    ev_days = set()
    ^^^^^^^^^^^^^^^
SyntaxError: invalid syntax. Maybe you meant '==' or ':=' instead of '='?
  File "/Users/simone/Source/GitHub/simonerom/sensecap-d1-display/server/display_server.py", line 506
    ev_days = set()
    ^^^^^^^^^^^^^^^
SyntaxError: invalid syntax. Maybe you meant '==' or ':=' instead of '='?
  File "/Users/simone/Source/GitHub/simonerom/sensecap-d1-display/server/display_server.py", line 506
    ev_days = set()
    ^^^^^^^^^^^^^^^
SyntaxError: invalid syntax. Maybe you meant '==' or ':=' instead of '='?
  File "/Users/simone/Source/GitHub/simonerom/sensecap-d1-display/server/display_server.py", line 506
    ev_days = set()
    ^^^^^^^^^^^^^^^
SyntaxError: invalid syntax. Maybe you meant '==' or ':=' instead of '='?
  File "/Users/simone/Source/GitHub/simonerom/sensecap-d1-display/server/display_server.py", line 506
    ev_days = set()
    ^^^^^^^^^^^^^^^
SyntaxError: invalid syntax. Maybe you meant '==' or ':=' instead of '='?
  File "/Users/simone/Source/GitHub/simonerom/sensecap-d1-display/server/display_server.py", line 506
    ev_days = set()
    ^^^^^^^^^^^^^^^
SyntaxError: invalid syntax. Maybe you meant '==' or ':=' instead of '='?
  File "/Users/simone/Source/GitHub/simonerom/sensecap-d1-display/server/display_server.py", line 506
    ev_days = set()
    ^^^^^^^^^^^^^^^
SyntaxError: invalid syntax. Maybe you meant '==' or ':=' instead of '='?
  File "/Users/simone/Source/GitHub/simonerom/sensecap-d1-display/server/display_server.py", line 506
    ev_days = set()
    ^^^^^^^^^^^^^^^
SyntaxError: invalid syntax. Maybe you meant '==' or ':=' instead of '='?
  File "/Users/simone/Source/GitHub/simonerom/sensecap-d1-display/server/display_server.py", line 506
    ev_days = set()
    ^^^^^^^^^^^^^^^
SyntaxError: invalid syntax. Maybe you meant '==' or ':=' instead of '='?
  File "/Users/simone/Source/GitHub/simonerom/sensecap-d1-display/server/display_server.py", line 506
    ev_days = set()
    ^^^^^^^^^^^^^^^
SyntaxError: invalid syntax. Maybe you meant '==' or ':=' instead of '='?
  File "/Users/simone/Source/GitHub/simonerom/sensecap-d1-display/server/display_server.py", line 506
    ev_days = set()
    ^^^^^^^^^^^^^^^
SyntaxError: invalid syntax. Maybe you meant '==' or ':=' instead of '='?
  File "/Users/simone/Source/GitHub/simonerom/sensecap-d1-display/server/display_server.py", line 506
    ev_days = set()
    ^^^^^^^^^^^^^^^
SyntaxError: invalid syntax. Maybe you meant '==' or ':=' instead of '='?
  File "/Users/simone/Source/GitHub/simonerom/sensecap-d1-display/server/display_server.py", line 506
    ev_days = set()
    ^^^^^^^^^^^^^^^
SyntaxError: invalid syntax. Maybe you meant '==' or ':=' instead of '='?
  File "/Users/simone/Source/GitHub/simonerom/sensecap-d1-display/server/display_server.py", line 506
    ev_days = set()
    ^^^^^^^^^^^^^^^
SyntaxError: invalid syntax. Maybe you meant '==' or ':=' instead of '='?
  File "/Users/simone/Source/GitHub/simonerom/sensecap-d1-display/server/display_server.py", line 506
    ev_days = set()
    ^^^^^^^^^^^^^^^
SyntaxError: invalid syntax. Maybe you meant '==' or ':=' instead of '='?
  File "/Users/simone/Source/GitHub/simonerom/sensecap-d1-display/server/display_server.py", line 506
    ev_days = set()
    ^^^^^^^^^^^^^^^
SyntaxError: invalid syntax. Maybe you meant '==' or ':=' instead of '='?
  File "/Users/simone/Source/GitHub/simonerom/sensecap-d1-display/server/display_server.py", line 506
    ev_days = set()
    ^^^^^^^^^^^^^^^
SyntaxError: invalid syntax. Maybe you meant '==' or ':=' instead of '='?
  File "/Users/simone/Source/GitHub/simonerom/sensecap-d1-display/server/display_server.py", line 506
    ev_days = set()
    ^^^^^^^^^^^^^^^
SyntaxError: invalid syntax. Maybe you meant '==' or ':=' instead of '='?
  File "/Users/simone/Source/GitHub/simonerom/sensecap-d1-display/server/display_server.py", line 506
    ev_days = set()
    ^^^^^^^^^^^^^^^
SyntaxError: invalid syntax. Maybe you meant '==' or ':=' instead of '='?
  File "/Users/simone/Source/GitHub/simonerom/sensecap-d1-display/server/display_server.py", line 506
    ev_days = set()
    ^^^^^^^^^^^^^^^
SyntaxError: invalid syntax. Maybe you meant '==' or ':=' instead of '='?
  File "/Users/simone/Source/GitHub/simonerom/sensecap-d1-display/server/display_server.py", line 506
    ev_days = set()
    ^^^^^^^^^^^^^^^
SyntaxError: invalid syntax. Maybe you meant '==' or ':=' instead of '='?
